
> backend@0.0.1 start:dev
> nest start --watch

[2J[3J[H[[90m12:13:31 a. m.[0m] Starting compilation in watch mode...

[[90m12:13:34 a. m.[0m] Found 0 errors. Watching for file changes.

[32m[Nest] 31948  - [39m06/05/2026, 12:13:35 a. m. [32m    LOG[39m [38;5;3m[NestFactory] [39m[32mStarting Nest application...[39m
[32m[Nest] 31948  - [39m06/05/2026, 12:13:35 a. m. [32m    LOG[39m [38;5;3m[InstanceLoader] [39m[32mAppModule dependencies initialized[39m[38;5;3m +15ms[39m
[32m[Nest] 31948  - [39m06/05/2026, 12:13:35 a. m. [32m    LOG[39m [38;5;3m[InstanceLoader] [39m[32mPrismaModule dependencies initialized[39m[38;5;3m +17ms[39m
[32m[Nest] 31948  - [39m06/05/2026, 12:13:35 a. m. [32m    LOG[39m [38;5;3m[InstanceLoader] [39m[32mConfigHostModule dependencies initialized[39m[38;5;3m +2ms[39m
[32m[Nest] 31948  - [39m06/05/2026, 12:13:35 a. m. [32m    LOG[39m [38;5;3m[InstanceLoader] [39m[32mConfigModule dependencies initialized[39m[38;5;3m +1ms[39m
[32m[Nest] 31948  - [39m06/05/2026, 12:13:35 a. m. [32m    LOG[39m [38;5;3m[InstanceLoader] [39m[32mConfigModule dependencies initialized[39m[38;5;3m +0ms[39m
[32m[Nest] 31948  - [39m06/05/2026, 12:13:35 a. m. [32m    LOG[39m [38;5;3m[InstanceLoader] [39m[32mJwtModule dependencies initialized[39m[38;5;3m +1ms[39m
[32m[Nest] 31948  - [39m06/05/2026, 12:13:35 a. m. [32m    LOG[39m [38;5;3m[InstanceLoader] [39m[32mTodosModule dependencies initialized[39m[38;5;3m +0ms[39m
[32m[Nest] 31948  - [39m06/05/2026, 12:13:35 a. m. [32m    LOG[39m [38;5;3m[InstanceLoader] [39m[32mAuthModule dependencies initialized[39m[38;5;3m +1ms[39m
[32m[Nest] 31948  - [39m06/05/2026, 12:13:35 a. m. [32m    LOG[39m [38;5;3m[RoutesResolver] [39m[32mAuthController {/auth}:[39m[38;5;3m +29ms[39m
[32m[Nest] 31948  - [39m06/05/2026, 12:13:35 a. m. [32m    LOG[39m [38;5;3m[RouterExplorer] [39m[32mMapped {/auth/register, POST} route[39m[38;5;3m +3ms[39m
[32m[Nest] 31948  - [39m06/05/2026, 12:13:35 a. m. [32m    LOG[39m [38;5;3m[RouterExplorer] [39m[32mMapped {/auth/login, POST} route[39m[38;5;3m +0ms[39m
[32m[Nest] 31948  - [39m06/05/2026, 12:13:35 a. m. [32m    LOG[39m [38;5;3m[RouterExplorer] [39m[32mMapped {/auth/logout, POST} route[39m[38;5;3m +1ms[39m
[32m[Nest] 31948  - [39m06/05/2026, 12:13:35 a. m. [32m    LOG[39m [38;5;3m[RouterExplorer] [39m[32mMapped {/auth/me, GET} route[39m[38;5;3m +1ms[39m
[32m[Nest] 31948  - [39m06/05/2026, 12:13:35 a. m. [32m    LOG[39m [38;5;3m[RoutesResolver] [39m[32mTodosController {/todos}:[39m[38;5;3m +0ms[39m
[32m[Nest] 31948  - [39m06/05/2026, 12:13:35 a. m. [32m    LOG[39m [38;5;3m[RouterExplorer] [39m[32mMapped {/todos, POST} route[39m[38;5;3m +1ms[39m
[32m[Nest] 31948  - [39m06/05/2026, 12:13:35 a. m. [32m    LOG[39m [38;5;3m[RouterExplorer] [39m[32mMapped {/todos, GET} route[39m[38;5;3m +0ms[39m
[32m[Nest] 31948  - [39m06/05/2026, 12:13:35 a. m. [32m    LOG[39m [38;5;3m[RouterExplorer] [39m[32mMapped {/todos/:id, PATCH} route[39m[38;5;3m +1ms[39m
[32m[Nest] 31948  - [39m06/05/2026, 12:13:35 a. m. [32m    LOG[39m [38;5;3m[RouterExplorer] [39m[32mMapped {/todos/:id, DELETE} route[39m[38;5;3m +0ms[39m
[32m[Nest] 31948  - [39m06/05/2026, 12:13:36 a. m. [32m    LOG[39m [38;5;3m[NestApplication] [39m[32mNest application successfully started[39m[38;5;3m +466ms[39m
